=== Waiting for in-flight rescore jobs to finish ===
2026-06-28T22:10:14-05:00 rescore still running...
2026-06-28T22:10:44-05:00 rescore still running...
2026-06-28T22:11:14-05:00 rescore still running...
2026-06-28T22:11:44-05:00 rescore still running...
2026-06-28T22:12:14-05:00 rescore still running...
2026-06-28T22:12:44-05:00 rescore still running...
2026-06-28T22:13:14-05:00 rescore still running...
2026-06-28T22:13:44-05:00 rescore still running...
2026-06-28T22:14:14-05:00 rescore still running...
2026-06-28T22:14:44-05:00 rescore still running...
2026-06-28T22:15:14-05:00 rescore still running...
2026-06-28T22:15:44-05:00 rescore still running...
2026-06-28T22:16:14-05:00 rescore still running...
2026-06-28T22:16:44-05:00 rescore still running...
2026-06-28T22:17:14-05:00 rescore still running...
2026-06-28T22:17:44-05:00 rescore still running...
2026-06-28T22:18:14-05:00 rescore still running...
2026-06-28T22:18:44-05:00 rescore still running...
2026-06-28T22:19:14-05:00 rescore still running...
2026-06-28T22:19:44-05:00 rescore still running...
2026-06-28T22:20:14-05:00 rescore still running...
2026-06-28T22:20:44-05:00 rescore still running...
2026-06-28T22:21:14-05:00 rescore still running...
2026-06-28T22:21:44-05:00 rescore still running...
2026-06-28T22:22:14-05:00 rescore still running...
2026-06-28T22:22:44-05:00 rescore still running...
2026-06-28T22:23:14-05:00 rescore still running...
2026-06-28T22:23:44-05:00 rescore still running...
2026-06-28T22:24:14-05:00 rescore still running...
2026-06-28T22:24:44-05:00 rescore still running...
2026-06-28T22:25:14-05:00 rescore still running...
2026-06-28T22:25:44-05:00 rescore still running...
2026-06-28T22:26:14-05:00 rescore still running...
2026-06-28T22:26:44-05:00 rescore still running...
2026-06-28T22:27:14-05:00 rescore still running...
2026-06-28T22:27:44-05:00 rescore still running...
2026-06-28T22:28:14-05:00 rescore complete (or none running).

========================================================================
2026-06-28T22:28:14-05:00 Starting A8 / top10 (3 runs, --force)
========================================================================
[supervisor] all expected runs complete

========================================================================
2026-06-28T22:28:19-05:00 Starting A9 / 512 (3 runs, --force)
========================================================================
[supervisor] all expected runs complete

2026-06-28T22:28:24-05:00 All rerun jobs finished.
=== *_PRE_FIX folders already exist, skipping prepare ===
=== Waiting for in-flight rescore jobs to finish ===
2026-06-28T22:39:25-05:00 rescore still running...
2026-06-28T22:39:55-05:00 rescore still running...
2026-06-28T22:40:25-05:00 rescore still running...
2026-06-28T22:40:55-05:00 rescore still running...
2026-06-28T22:41:25-05:00 rescore still running...
2026-06-28T22:41:55-05:00 rescore still running...
2026-06-28T22:42:25-05:00 rescore still running...
2026-06-28T22:42:55-05:00 rescore still running...
2026-06-28T22:43:25-05:00 rescore still running...
2026-06-28T22:43:55-05:00 rescore still running...
2026-06-28T22:44:25-05:00 rescore still running...
2026-06-28T22:44:55-05:00 rescore still running...
2026-06-28T22:45:25-05:00 rescore still running...
2026-06-28T22:45:55-05:00 rescore complete (or none running).

========================================================================
2026-06-28T22:45:55-05:00 Starting A8 / top7 (3 runs, --force)
========================================================================

========================================================================
[supervisor] attempt 1 at 2026-06-28 22:45:59
[supervisor] progress 0/3 runs complete
[supervisor] command: /home/adamm/projects/rag-research/.venv/bin/python /home/adamm/projects/rag-research/run_ablation.py --ablation A8 --condition top7 --runs 3 --force
[supervisor] CPU-only embeddings (CUDA_VISIBLE_DEVICES='')
========================================================================
=== *_PRE_FIX folders already exist, skipping prepare ===
=== Waiting for in-flight rescore jobs to finish ===
2026-06-28T22:46:00-05:00 rescore complete (or none running).

========================================================================
2026-06-28T22:46:00-05:00 Starting A8 / top7 (3 runs, --force)
========================================================================

========================================================================
[supervisor] attempt 1 at 2026-06-28 22:46:05
[supervisor] progress 0/3 runs complete
[supervisor] command: /home/adamm/projects/rag-research/.venv/bin/python /home/adamm/projects/rag-research/run_ablation.py --ablation A8 --condition top7 --runs 3 --force
[supervisor] CPU-only embeddings (CUDA_VISIBLE_DEVICES='')
========================================================================
Warning: You are sending unauthenticated requests to the HF Hub. Please set a HF_TOKEN to enable higher rate limits and faster downloads.
========================================================================
A8: Ablation 8 - Top-K
Question: Does giving the reranker more candidates help?
Runs per condition: 3
========================================================================

------------------------------------------------------------------------
Condition: top7 | Run 1/3
Override: {'top_k': 7}
------------------------------------------------------------------------
Building index for chunk=256, embedding=BAAI/bge-small-en-v1.5...
Loading weights:   0%|          | 0/199 [00:00<?, ?it/s]Loading weights:  39%|███▊      | 77/199 [00:00<00:00, 762.65it/s]Loading weights: 100%|██████████| 199/199 [00:00<00:00, 1769.07it/s]
[stable] per-question subprocess isolation + CPU embeddings enabled
[ablation_ablation_a8_top7_r1] question 1/60 | score: 89.25
[stable] breather 10s after question
[ablation_ablation_a8_top7_r1] question 2/60 | score: 89.25
[stable] breather 10s after question
[ablation_ablation_a8_top7_r1] question 3/60 | score: 89.25
[stable] breather 10s after question
[ablation_ablation_a8_top7_r1] question 4/60 | score: 79.5
[stable] breather 10s after question
[ablation_ablation_a8_top7_r1] question 5/60 | score: 81.75
[stable] breather 10s after question
[ablation_ablation_a8_top7_r1] question 6/60 | score: 100.0
[stable] breather 10s after question
