  [1/60] queryrewrite_q1
  [2/60] queryrewrite_q2
  [3/60] queryrewrite_q3
  [4/60] queryrewrite_q4
  [5/60] queryrewrite_q5
  [6/60] rgb_q1
  [7/60] rgb_q2
  [8/60] rgb_q3
  [9/60] rgb_q4
  [10/60] rgb_q5
  [11/60] ragas_q1
  [12/60] ragas_q2
  [13/60] ragas_q3
  [14/60] ragas_q4
  [15/60] ragas_q5
  [16/60] selfrag_q1
  [17/60] selfrag_q2
  [18/60] selfrag_q3
  [19/60] selfrag_q4
  [20/60] selfrag_q5
  [21/60] filco_q1
  [22/60] filco_q2
  [23/60] filco_q3
  [24/60] filco_q4
  [25/60] filco_q5
  [26/60] ragsurvey_q1
  [27/60] ragsurvey_q2
  [28/60] ragsurvey_q3
  [29/60] ragsurvey_q4
  [30/60] ragsurvey_q5
  [31/60] crag_q1
  [32/60] crag_q2
  [33/60] crag_q3
  [34/60] crag_q4
  [35/60] crag_q5
  [36/60] adaptllm_q1
  [37/60] adaptllm_q2
  [38/60] adaptllm_q3
  [39/60] adaptllm_q4
  [40/60] adaptllm_q5
  [41/60] longrag_q1
  [42/60] longrag_q2
  [43/60] longrag_q3
  [44/60] longrag_q4
  [45/60] longrag_q5
  [46/60] ragbest_q1
  [47/60] ragbest_q2
  [48/60] ragbest_q3
  [49/60] ragbest_q4
  [50/60] ragbest_q5
  [51/60] raglc_q1
  [52/60] raglc_q2
  [53/60] raglc_q3
  [54/60] raglc_q4
  [55/60] raglc_q5
  [56/60] enhancingrag_q1
  [57/60] enhancingrag_q2
  [58/60] enhancingrag_q3
  [59/60] enhancingrag_q4
  [60/60] enhancingrag_q5
Rescored /home/adamm/projects/rag-research/experiments/Results/Test Runs and Ablations/Ablation 8 - Top-K/top10/run_1: final_score=65.93
  [1/60] queryrewrite_q1
  [2/60] queryrewrite_q2
  [3/60] queryrewrite_q3
  [4/60] queryrewrite_q4
  [5/60] queryrewrite_q5
  [6/60] rgb_q1
  [7/60] rgb_q2
  [8/60] rgb_q3
  [9/60] rgb_q4
  [10/60] rgb_q5
  [11/60] ragas_q1
  [12/60] ragas_q2
  [13/60] ragas_q3
  [14/60] ragas_q4
  [15/60] ragas_q5
  [16/60] selfrag_q1
  [17/60] selfrag_q2
  [18/60] selfrag_q3
  [19/60] selfrag_q4
  [20/60] selfrag_q5
  [21/60] filco_q1
  [22/60] filco_q2
  [23/60] filco_q3
  [24/60] filco_q4
  [25/60] filco_q5
  [26/60] ragsurvey_q1
  [27/60] ragsurvey_q2
  [28/60] ragsurvey_q3
  [29/60] ragsurvey_q4
  [30/60] ragsurvey_q5
  [31/60] crag_q1
  [32/60] crag_q2
  [33/60] crag_q3
  [34/60] crag_q4
  [35/60] crag_q5
  [36/60] adaptllm_q1
  [37/60] adaptllm_q2
  [38/60] adaptllm_q3
  [39/60] adaptllm_q4
  [40/60] adaptllm_q5
  [41/60] longrag_q1
  [42/60] longrag_q2
  [43/60] longrag_q3
  [44/60] longrag_q4
  [45/60] longrag_q5
  [46/60] ragbest_q1
  [47/60] ragbest_q2
  [48/60] ragbest_q3
  [49/60] ragbest_q4
  [50/60] ragbest_q5
  [51/60] raglc_q1
  [52/60] raglc_q2
  [53/60] raglc_q3
  [54/60] raglc_q4
  [55/60] raglc_q5
  [56/60] enhancingrag_q1
  [57/60] enhancingrag_q2
  [58/60] enhancingrag_q3
  [59/60] enhancingrag_q4
  [60/60] enhancingrag_q5
Rescored /home/adamm/projects/rag-research/experiments/Results/Test Runs and Ablations/Ablation 8 - Top-K/top10/run_2: final_score=64.33
  [1/60] queryrewrite_q1
  [2/60] queryrewrite_q2
  [3/60] queryrewrite_q3
  [4/60] queryrewrite_q4
  [5/60] queryrewrite_q5
  [6/60] rgb_q1
  [7/60] rgb_q2
  [8/60] rgb_q3
  [9/60] rgb_q4
  [10/60] rgb_q5
  [11/60] ragas_q1
  [12/60] ragas_q2
  [13/60] ragas_q3
  [14/60] ragas_q4
  [15/60] ragas_q5
  [16/60] selfrag_q1
  [17/60] selfrag_q2
  [18/60] selfrag_q3
  [19/60] selfrag_q4
  [20/60] selfrag_q5
  [21/60] filco_q1
  [22/60] filco_q2
  [23/60] filco_q3
  [24/60] filco_q4
  [25/60] filco_q5
  [26/60] ragsurvey_q1
  [27/60] ragsurvey_q2
  [28/60] ragsurvey_q3
  [29/60] ragsurvey_q4
  [30/60] ragsurvey_q5
  [31/60] crag_q1
  [32/60] crag_q2
  [33/60] crag_q3
  [34/60] crag_q4
  [35/60] crag_q5
  [36/60] adaptllm_q1
  [37/60] adaptllm_q2
  [38/60] adaptllm_q3
  [39/60] adaptllm_q4
  [40/60] adaptllm_q5
  [41/60] longrag_q1
  [42/60] longrag_q2
  [43/60] longrag_q3
  [44/60] longrag_q4
  [45/60] longrag_q5
  [46/60] ragbest_q1
  [47/60] ragbest_q2
  [48/60] ragbest_q3
  [49/60] ragbest_q4
  [50/60] ragbest_q5
  [51/60] raglc_q1
  [52/60] raglc_q2
  [53/60] raglc_q3
  [54/60] raglc_q4
  [55/60] raglc_q5
  [56/60] enhancingrag_q1
  [57/60] enhancingrag_q2
  [58/60] enhancingrag_q3
  [59/60] enhancingrag_q4
  [60/60] enhancingrag_q5
Rescored /home/adamm/projects/rag-research/experiments/Results/Test Runs and Ablations/Ablation 8 - Top-K/top10/run_3: final_score=64.35
Updated summary: /home/adamm/projects/rag-research/experiments/Results/Test Runs and Ablations/Ablation 8 - Top-K/summary.json
